<?xml version="1.0" encoding="UTF-8"?>
<!-- Generated by org.testng.reporters.JUnitReportReporter -->
<testsuite skipped="1" hostname="Kanwalpreets-MacBook-Pro.local" name="demo.DemoDataProvider" tests="1" failures="0" timestamp="20 Aug 2019 17:49:27 GMT" time="0.000" errors="0">
  <testcase name="printTestData" time="0.000" classname="demo.DemoDataProvider">
    <skipped/>
  </testcase> <!-- printTestData -->
</testsuite> <!-- demo.DemoDataProvider -->
